<?xml version="1.0" encoding="UTF-8"?>
<testsuite name="br.com.codenation.StatisticUtilTest" tests="3" skipped="0" failures="0" errors="0" timestamp="2021-08-30T15:52:27" hostname="felipe-cardoso" time="0.007">
  <properties/>
  <testcase name="testMode" classname="br.com.codenation.StatisticUtilTest" time="0.005"/>
  <testcase name="testAverage" classname="br.com.codenation.StatisticUtilTest" time="0.0"/>
  <testcase name="testMedian" classname="br.com.codenation.StatisticUtilTest" time="0.001"/>
  <system-out><![CDATA[]]></system-out>
  <system-err><![CDATA[]]></system-err>
</testsuite>
